(---------------------------------------------------------------------)
(                                                                     )
(    NC DRILL Log                                                     )
(                                                                     )
(    Drawing          : CAD1.brd                                      )
(    Software Version : 17.2P019                                      )
(    Date/Time        : Tue Jul 30 15:46:10 2019                      )
(                                                                     )
(---------------------------------------------------------------------)



 Processing NC Parameters file 'nc_param.txt' ...

 NC PARAMETERS
 -------------

 FORMAT   		2.5
 MACHINE-OFFSET		x:0.00000	y:0.00000   (mm)
 FEEDRATE		1
 COORDINATES		ABSOLUTE
 OUTPUT-UNITS		METRIC
 TOOL-ORDER		INCREASING
 REPEAT-CODES		YES
 SUPPRESS-LEAD-ZEROES	NO
 SUPPRESS-TRAIL-ZEROES	NO
 SUPPRESS-EQUAL		NO
 TOOL-SELECT		NO
 HEADER			none
 LEADER			12
 CODE			ASCII
 SEPARATE		NO
 SEPARATE-ROUTING	NO
 OPTIMIZE_DRILLING	NO
 ENHANCED_EXCELLON	NO
 SCALE			1.000000



 Drill files being output to directory 'C:/Users/user/Desktop/vscode_orcad/workspace/cad1/allegro/gerber' ...



     'CAD1-1-2.drl' created for holes connecting TOP and BOTTOM
     ----------------------------------------------------------

           Num     Size      +/- Tolerance     Plating   Quantity

            1.   0.9140    0.0000/  0.0000      PLATED         63
            2.   0.9400    0.0000/  0.0000      PLATED          3
            3.   1.0670    0.0000/  0.0000      PLATED         18
            4.   3.1750    0.0000/  0.0000  NON_PLATED          4

     ---- Total holes:                                         88

     ---- Total head travel:              4.47 feet (1.36 meters)

